<?xml version="1.0" encoding="UTF-8"?>
<!-- Generated by org.testng.reporters.JUnitXMLReporter -->
<testsuite ignored="0" hostname="LTIN291828" failures="0" tests="3" name="Default test" time="4.331" errors="0" timestamp="2023-12-18T12:41:47 IST">
  <testcase classname="casestudy_2.GettingResource" name="gettodos" time="2.35"/>
  <testcase classname="casestudy_2.GettingResource" name="singleUser" time="0.363"/>
  <testcase classname="casestudy_2.GettingResource" name="createUser" time="1.184"/>
</testsuite> <!-- Default test -->
